<?xml version="1.0" encoding="UTF-8"?>
<!-- Generated by org.testng.reporters.JUnitXMLReporter -->
<testsuite hostname="DESKTOP-SGOOT19" ignored="14" name="Default test" tests="1" failures="1" timestamp="17 Jun 2020 03:39:57 GMT" time="257.638" errors="0">
  <testcase name="TC_0018_bookingDetailswithPremiumEcomomy" time="199.385" classname="com.tripmasters.framework.testScript.BookingPageTestScript">
    <failure type="org.openqa.selenium.NoSuchElementException" message="no such element: Unable to locate element: {&amp;quot;method&amp;quot;:&amp;quot;css selector&amp;quot;,&amp;quot;selector&amp;quot;:&amp;quot;#nTXMLSession&amp;quot;}
  (Session info: chrome=83.0.4103.97)
For documentation on this error, please visit: https://www.seleniumhq.org/exceptions/no_such_element.html
Build info: version: &amp;apos;3.141.59&amp;apos;, revision: &amp;apos;e82be7d358&amp;apos;, time: &amp;apos;2018-11-14T08:17:03&amp;apos;
System info: host: &amp;apos;DESKTOP-SGOOT19&amp;apos;, ip: &amp;apos;192.168.225.90&amp;apos;, os.name: &amp;apos;Windows 10&amp;apos;, os.arch: &amp;apos;amd64&amp;apos;, os.version: &amp;apos;10.0&amp;apos;, java.version: &amp;apos;1.8.0_251&amp;apos;
Driver info: org.openqa.selenium.chrome.ChromeDriver
Capabilities {acceptInsecureCerts: true, browserName: chrome, browserVersion: 83.0.4103.97, chrome: {chromedriverVersion: 83.0.4103.39 (ccbf011cb2d2b..., userDataDir: C:\Users\Hp\AppData\Local\T...}, goog:chromeOptions: {debuggerAddress: localhost:30455}, javascriptEnabled: true, networkConnectionEnabled: false, pageLoadStrategy: normal, platform: WINDOWS, platformName: WINDOWS, proxy: Proxy(), setWindowRect: true, strictFileInteractability: false, timeouts: {implicit: 0, pageLoad: 300000, script: 30000}, unhandledPromptBehavior: dismiss and notify, webauthn:virtualAuthenticators: true}
Session ID: 67fe2eeafa5d43621775532451ed7b0b
*** Element info: {Using=id, value=nTXMLSession}">
      <![CDATA[org.openqa.selenium.NoSuchElementException: no such element: Unable to locate element: {"method":"css selector","selector":"#nTXMLSession"}
  (Session info: chrome=83.0.4103.97)
For documentation on this error, please visit: https://www.seleniumhq.org/exceptions/no_such_element.html
Build info: version: '3.141.59', revision: 'e82be7d358', time: '2018-11-14T08:17:03'
System info: host: 'DESKTOP-SGOOT19', ip: '192.168.225.90', os.name: 'Windows 10', os.arch: 'amd64', os.version: '10.0', java.version: '1.8.0_251'
Driver info: org.openqa.selenium.chrome.ChromeDriver
Capabilities {acceptInsecureCerts: true, browserName: chrome, browserVersion: 83.0.4103.97, chrome: {chromedriverVersion: 83.0.4103.39 (ccbf011cb2d2b..., userDataDir: C:\Users\Hp\AppData\Local\T...}, goog:chromeOptions: {debuggerAddress: localhost:30455}, javascriptEnabled: true, networkConnectionEnabled: false, pageLoadStrategy: normal, platform: WINDOWS, platformName: WINDOWS, proxy: Proxy(), setWindowRect: true, strictFileInteractability: false, timeouts: {implicit: 0, pageLoad: 300000, script: 30000}, unhandledPromptBehavior: dismiss and notify, webauthn:virtualAuthenticators: true}
Session ID: 67fe2eeafa5d43621775532451ed7b0b
*** Element info: {Using=id, value=nTXMLSession}
at sun.reflect.NativeConstructorAccessorImpl.newInstance0(Native Method)
at sun.reflect.NativeConstructorAccessorImpl.newInstance(NativeConstructorAccessorImpl.java:62)
at sun.reflect.DelegatingConstructorAccessorImpl.newInstance(DelegatingConstructorAccessorImpl.java:45)
at java.lang.reflect.Constructor.newInstance(Constructor.java:423)
at org.openqa.selenium.remote.http.W3CHttpResponseCodec.createException(W3CHttpResponseCodec.java:187)
at org.openqa.selenium.remote.http.W3CHttpResponseCodec.decode(W3CHttpResponseCodec.java:122)
at org.openqa.selenium.remote.http.W3CHttpResponseCodec.decode(W3CHttpResponseCodec.java:49)
at org.openqa.selenium.remote.HttpCommandExecutor.execute(HttpCommandExecutor.java:158)
at org.openqa.selenium.remote.service.DriverCommandExecutor.execute(DriverCommandExecutor.java:83)
at org.openqa.selenium.remote.RemoteWebDriver.execute(RemoteWebDriver.java:548)
at org.openqa.selenium.remote.RemoteWebDriver.findElement(RemoteWebDriver.java:322)
at org.openqa.selenium.remote.RemoteWebDriver.findElementById(RemoteWebDriver.java:368)
at org.openqa.selenium.By$ById.findElement(By.java:188)
at org.openqa.selenium.remote.RemoteWebDriver.findElement(RemoteWebDriver.java:314)
at com.tripmasters.framework.pageActions.BookingPageAction.getSessionID(BookingPageAction.java:998)
at com.tripmasters.framework.testScript.BookingPageTestScript.TC_0018_bookingDetailswithPremiumEcomomy(BookingPageTestScript.java:261)
at sun.reflect.NativeMethodAccessorImpl.invoke0(Native Method)
at sun.reflect.NativeMethodAccessorImpl.invoke(NativeMethodAccessorImpl.java:62)
at sun.reflect.DelegatingMethodAccessorImpl.invoke(DelegatingMethodAccessorImpl.java:43)
at java.lang.reflect.Method.invoke(Method.java:498)
at org.testng.internal.MethodInvocationHelper.invokeMethod(MethodInvocationHelper.java:124)
at org.testng.internal.Invoker.invokeMethod(Invoker.java:583)
at org.testng.internal.Invoker.invokeTestMethod(Invoker.java:719)
at org.testng.internal.Invoker.invokeTestMethods(Invoker.java:989)
at org.testng.internal.TestMethodWorker.invokeTestMethods(TestMethodWorker.java:125)
at org.testng.internal.TestMethodWorker.run(TestMethodWorker.java:109)
at org.testng.TestRunner.privateRun(TestRunner.java:648)
at org.testng.TestRunner.run(TestRunner.java:505)
at org.testng.SuiteRunner.runTest(SuiteRunner.java:455)
at org.testng.SuiteRunner.runSequentially(SuiteRunner.java:450)
at org.testng.SuiteRunner.privateRun(SuiteRunner.java:415)
at org.testng.SuiteRunner.run(SuiteRunner.java:364)
at org.testng.SuiteRunnerWorker.runSuite(SuiteRunnerWorker.java:52)
at org.testng.SuiteRunnerWorker.run(SuiteRunnerWorker.java:84)
at org.testng.TestNG.runSuitesSequentially(TestNG.java:1208)
at org.testng.TestNG.runSuitesLocally(TestNG.java:1137)
at org.testng.TestNG.runSuites(TestNG.java:1049)
at org.testng.TestNG.run(TestNG.java:1017)
at org.testng.remote.AbstractRemoteTestNG.run(AbstractRemoteTestNG.java:115)
at org.testng.remote.RemoteTestNG.initAndRun(RemoteTestNG.java:251)
at org.testng.remote.RemoteTestNG.main(RemoteTestNG.java:77)
]]>
    </failure>
  </testcase> <!-- TC_0018_bookingDetailswithPremiumEcomomy -->
  <testcase name="TC_0001_bookingJourneyWithOutAirForTwoRoomsPAXDetails" time="0.0" classname="com.tripmasters.framework.testScript.BookingPageTestScript">
    <ignored/>
  </testcase> <!-- TC_0001_bookingJourneyWithOutAirForTwoRoomsPAXDetails -->
  <testcase name="TC_0007_bookingFlightAndHotelForSingleCitywithTopDealsValidation" time="0.0" classname="com.tripmasters.framework.testScript.BookingPageTestScript">
    <ignored/>
  </testcase> <!-- TC_0007_bookingFlightAndHotelForSingleCitywithTopDealsValidation -->
  <testcase name="TC_0002_bookingJourneyWithFlightAndTrain" time="0.0" classname="com.tripmasters.framework.testScript.BookingPageTestScript">
    <ignored/>
  </testcase> <!-- TC_0002_bookingJourneyWithFlightAndTrain -->
  <testcase name="TC_0019_withoutAirBookingForSingleCity" time="0.0" classname="com.tripmasters.framework.testScript.BookingPageTestScript">
    <ignored/>
  </testcase> <!-- TC_0019_withoutAirBookingForSingleCity -->
  <testcase name="TC_0004_FirstPackageoptionalongwithRemoveHotelFunc" time="0.0" classname="com.tripmasters.framework.testScript.BookingPageTestScript">
    <ignored/>
  </testcase> <!-- TC_0004_FirstPackageoptionalongwithRemoveHotelFunc -->
  <testcase name="TC_0008_bookingFlightAndHotelwithMultipleCitiesForEuropePage" time="0.0" classname="com.tripmasters.framework.testScript.BookingPageTestScript">
    <ignored/>
  </testcase> <!-- TC_0008_bookingFlightAndHotelwithMultipleCitiesForEuropePage -->
  <testcase name="TC_0005_FlightbookingjourneywithBuyYourOwnPackage" time="0.0" classname="com.tripmasters.framework.testScript.BookingPageTestScript">
    <ignored/>
  </testcase> <!-- TC_0005_FlightbookingjourneywithBuyYourOwnPackage -->
  <testcase name="TC_0009_dateChanging" time="0.0" classname="com.tripmasters.framework.testScript.BookingPageTestScript">
    <ignored/>
  </testcase> <!-- TC_0009_dateChanging -->
  <testcase name="TC_0020_withoutAirBookingForMultipleCity" time="0.0" classname="com.tripmasters.framework.testScript.BookingPageTestScript">
    <ignored/>
  </testcase> <!-- TC_0020_withoutAirBookingForMultipleCity -->
  <testcase name="TC_0003_bookingTwoRoomTwoAdult" time="0.0" classname="com.tripmasters.framework.testScript.BookingPageTestScript">
    <ignored/>
  </testcase> <!-- TC_0003_bookingTwoRoomTwoAdult -->
  <testcase name="TC_0017_validateTripSummarywithMultipleCitiesforAsianPacificPage" time="0.0" classname="com.tripmasters.framework.testScript.BookingPageTestScript">
    <ignored/>
  </testcase> <!-- TC_0017_validateTripSummarywithMultipleCitiesforAsianPacificPage -->
  <testcase name="TC_0006_bookingFlightsWithmultipleCitieswithHighLightsValidation" time="0.0" classname="com.tripmasters.framework.testScript.BookingPageTestScript">
    <ignored/>
  </testcase> <!-- TC_0006_bookingFlightsWithmultipleCitieswithHighLightsValidation -->
  <testcase name="TC_0021_FlightbookingJourneywithmultipleCities" time="0.0" classname="com.tripmasters.framework.testScript.BookingPageTestScript">
    <ignored/>
  </testcase> <!-- TC_0021_FlightbookingJourneywithmultipleCities -->
  <testcase name="TC_0014_verifySpotlightLink" time="0.0" classname="com.tripmasters.framework.testScript.BookingPageTestScript">
    <ignored/>
  </testcase> <!-- TC_0014_verifySpotlightLink -->
</testsuite> <!-- Default test -->
