<?xml version="1.0" encoding="UTF-8"?>
<!-- Generated by org.testng.reporters.JUnitXMLReporter -->
<testsuite hostname="LAPTOP-2MH85CIV" name="testing" tests="2" failures="2" timestamp="10 Feb 2020 10:42:28 GMT" time="0.142" errors="0">
  <testcase name="verifyMoreHighlightAndAttractionLinks_TC_11" time="0.12" classname="com.tripmasters.framework.testScript.HomePageTestScript">
    <failure type="java.lang.NullPointerException">
      <![CDATA[java.lang.NullPointerException
	at com.tripmasters.framework.utils.CommonLib.getPageTitle(CommonLib.java:234)
	at com.tripmasters.framework.testScript.HomePageTestScript.verifyMoreHighlightAndAttractionLinks_TC_11(HomePageTestScript.java:29)
	at java.util.concurrent.ThreadPoolExecutor.runWorker(Unknown Source)
	at java.util.concurrent.ThreadPoolExecutor$Worker.run(Unknown Source)
	at java.lang.Thread.run(Unknown Source)
... Removed 10 stack frames]]>
    </failure>
  </testcase> <!-- verifyMoreHighlightAndAttractionLinks_TC_11 -->
  <testcase name="verifyMoreHighlightAndAttractionLinks_TC_11" time="0.13" classname="com.tripmasters.framework.testScript.HomePageTestScript">
    <failure type="java.lang.NullPointerException">
      <![CDATA[java.lang.NullPointerException
	at com.tripmasters.framework.Listeners.TestListener.onTestFailure(TestListener.java:60)
	at java.util.concurrent.ThreadPoolExecutor.runWorker(Unknown Source)
	at java.util.concurrent.ThreadPoolExecutor$Worker.run(Unknown Source)
	at java.lang.Thread.run(Unknown Source)
... Removed 7 stack frames]]>
    </failure>
  </testcase> <!-- verifyMoreHighlightAndAttractionLinks_TC_11 -->
</testsuite> <!-- testing -->
