<?xml version="1.0" encoding="UTF-8"?>
<!-- Generated by org.testng.reporters.JUnitXMLReporter -->
<testsuite hostname="Satyam_iQA" ignored="0" name="Test" tests="21" failures="0" timestamp="15 Jul 2020 02:42:41 GMT" time="6854.291" errors="0">
  <testcase name="TC_0001_bookingSingleRoomWithThreeAdults" time="478.277" classname="com.tripmasters.framework.testScript.BookingPageTestScript"/>
  <testcase name="TC_0002_bookingSingleRoomtwoAdultOneChild" time="518.769" classname="com.tripmasters.framework.testScript.BookingPageTestScript"/>
  <testcase name="TC_0003_bookingTwoRoomThreeAdultAndOneChildWithMultipleCities" time="797.57" classname="com.tripmasters.framework.testScript.BookingPageTestScript"/>
  <testcase name="TC_0004_bookingFlightAndSingleRoomWithTwoAdults_FromFirstPackages" time="457.868" classname="com.tripmasters.framework.testScript.BookingPageTestScript"/>
  <testcase name="TC_0005_FlightbookingjourneywithPaxmandatoryfieldvalidation" time="675.061" classname="com.tripmasters.framework.testScript.BookingPageTestScript"/>
  <testcase name="TC_0006_bookingFlightsWithmultipleCities" time="402.218" classname="com.tripmasters.framework.testScript.BookingPageTestScript"/>
  <testcase name="TC_0007_bookingFlightAndTwoRoomsWithAdultsAndChilds_FromTopDealPackages" time="488.687" classname="com.tripmasters.framework.testScript.BookingPageTestScript"/>
  <testcase name="TC_0008_bookingFlightMultipleCitiesAndTwoRoomsWithAdultsAndChilds_FromEuropePage" time="759.996" classname="com.tripmasters.framework.testScript.BookingPageTestScript"/>
  <testcase name="TC_0009_arrival_dateChanging_FromTopOptions" time="601.866" classname="com.tripmasters.framework.testScript.BookingPageTestScript"/>
  <testcase name="TC_0010_verifyCity" time="24.052" classname="com.tripmasters.framework.testScript.HomePageTestScript"/>
  <testcase name="TC_0011_verifyMoreHighlightAndAttractionLinks" time="20.456" classname="com.tripmasters.framework.testScript.HomePageTestScript"/>
  <testcase name="TC_0012_verifyOtherVacationPackages" time="31.463" classname="com.tripmasters.framework.testScript.HomePageTestScript"/>
  <testcase name="TC_0013_verifyPopularVacationPackages" time="19.049" classname="com.tripmasters.framework.testScript.HomePageTestScript"/>
  <testcase name="TC_0014_verifySpotlightLink" time="44.805" classname="com.tripmasters.framework.testScript.BookingPageTestScript"/>
  <testcase name="TC_0015_verifyStartAgainLink" time="115.817" classname="com.tripmasters.framework.testScript.HomePageTestScript"/>
  <testcase name="TC_0016_verifyFooterText" time="7.596" classname="com.tripmasters.framework.testScript.HomePageTestScript"/>
  <testcase name="TC_0017_validateTripSummarywithMultipleCitiesforExploreAsiaPage" time="536.213" classname="com.tripmasters.framework.testScript.BookingPageTestScript"/>
  <testcase name="TC_0018_bookingDetailswithPremiumEcomomy" time="287.199" classname="com.tripmasters.framework.testScript.BookingPageTestScript"/>
  <testcase name="TC_0019_withoutAirBookingForSingleCity" time="0.001" classname="com.tripmasters.framework.testScript.BookingPageTestScript"/>
  <testcase name="TC_0020_withoutAirBookingForMultipleCity" time="0.001" classname="com.tripmasters.framework.testScript.BookingPageTestScript"/>
  <testcase name="TC_0021_tripSummarymultipleCities" time="284.254" classname="com.tripmasters.framework.testScript.BookingPageTestScript"/>
</testsuite> <!-- Test -->
