<?xml version="1.0" encoding="UTF-8"?>
<!-- Generated by org.testng.reporters.JUnitXMLReporter -->
<testsuite hostname="DESKTOP-SGOOT19" ignored="20" name="Test" tests="4" failures="1" timestamp="26 May 2020 11:27:12 GMT" time="379.776" errors="0">
  <testcase name="TC_0021_FlightbookingJourneywithmultipleCities" time="269.836" classname="com.tripmasters.framework.testScript.BookingPageTestScript">
    <skipped/>
  </testcase> <!-- TC_0021_FlightbookingJourneywithmultipleCities -->
  <testcase name="TC_0021_FlightbookingJourneywithmultipleCities" time="0.009" classname="com.tripmasters.framework.testScript.BookingPageTestScript">
    <skipped/>
  </testcase> <!-- TC_0021_FlightbookingJourneywithmultipleCities -->
  <testcase name="TC_0021_FlightbookingJourneywithmultipleCities" time="0.007" classname="com.tripmasters.framework.testScript.BookingPageTestScript">
    <skipped/>
  </testcase> <!-- TC_0021_FlightbookingJourneywithmultipleCities -->
  <testcase name="TC_0021_FlightbookingJourneywithmultipleCities" time="0.007" classname="com.tripmasters.framework.testScript.BookingPageTestScript">
    <failure type="java.lang.IllegalArgumentException" message="wrong number of arguments">
      <![CDATA[java.lang.IllegalArgumentException: wrong number of arguments
at java.util.concurrent.ThreadPoolExecutor.runWorker(ThreadPoolExecutor.java:1149)
at java.util.concurrent.ThreadPoolExecutor$Worker.run(ThreadPoolExecutor.java:624)
at java.lang.Thread.run(Thread.java:748)
... Removed 10 stack frames]]>
    </failure>
  </testcase> <!-- TC_0021_FlightbookingJourneywithmultipleCities -->
  <testcase name="TC_0001_bookingJourneyWithOutAirForTwoRoomsPAXDetails" time="0.0" classname="com.tripmasters.framework.testScript.BookingPageTestScript">
    <ignored/>
  </testcase> <!-- TC_0001_bookingJourneyWithOutAirForTwoRoomsPAXDetails -->
  <testcase name="TC_0007_bookingFlightAndHotelForSingleCitywithTopDealsValidation" time="0.0" classname="com.tripmasters.framework.testScript.BookingPageTestScript">
    <ignored/>
  </testcase> <!-- TC_0007_bookingFlightAndHotelForSingleCitywithTopDealsValidation -->
  <testcase name="TC_0002_bookingJourneyWithFlightAndTrain" time="0.0" classname="com.tripmasters.framework.testScript.BookingPageTestScript">
    <ignored/>
  </testcase> <!-- TC_0002_bookingJourneyWithFlightAndTrain -->
  <testcase name="TC_0005_FlightbookingjourneywithBYOPackage" time="0.0" classname="com.tripmasters.framework.testScript.BookingPageTestScript">
    <ignored/>
  </testcase> <!-- TC_0005_FlightbookingjourneywithBYOPackage -->
  <testcase name="TC_0013_verifyPopularVacationPackages" time="0.0" classname="com.tripmasters.framework.testScript.HomePageTestScript">
    <ignored/>
  </testcase> <!-- TC_0013_verifyPopularVacationPackages -->
  <testcase name="TC_0019_withoutAirBookingForSingleCity" time="0.0" classname="com.tripmasters.framework.testScript.BookingPageTestScript">
    <ignored/>
  </testcase> <!-- TC_0019_withoutAirBookingForSingleCity -->
  <testcase name="TC_0004_FirstPackageoptionalongwithRemoveHotelFunc" time="0.0" classname="com.tripmasters.framework.testScript.BookingPageTestScript">
    <ignored/>
  </testcase> <!-- TC_0004_FirstPackageoptionalongwithRemoveHotelFunc -->
  <testcase name="TC_0016_verifyFooterText" time="0.0" classname="com.tripmasters.framework.testScript.HomePageTestScript">
    <ignored/>
  </testcase> <!-- TC_0016_verifyFooterText -->
  <testcase name="TC_0008_bookingFlightAndHotelwithMultipleCitiesForEuropePage" time="0.0" classname="com.tripmasters.framework.testScript.BookingPageTestScript">
    <ignored/>
  </testcase> <!-- TC_0008_bookingFlightAndHotelwithMultipleCitiesForEuropePage -->
  <testcase name="TC_0018_bookingDetailswithPremiumEcomomy" time="0.0" classname="com.tripmasters.framework.testScript.BookingPageTestScript">
    <ignored/>
  </testcase> <!-- TC_0018_bookingDetailswithPremiumEcomomy -->
  <testcase name="TC_0010_verifySearchCity" time="0.0" classname="com.tripmasters.framework.testScript.HomePageTestScript">
    <ignored/>
  </testcase> <!-- TC_0010_verifySearchCity -->
  <testcase name="TC_0012_verifyOtherVacationPackages" time="0.0" classname="com.tripmasters.framework.testScript.HomePageTestScript">
    <ignored/>
  </testcase> <!-- TC_0012_verifyOtherVacationPackages -->
  <testcase name="TC_0011_verifyMoreHighlightAndAttractionLinks" time="0.0" classname="com.tripmasters.framework.testScript.HomePageTestScript">
    <ignored/>
  </testcase> <!-- TC_0011_verifyMoreHighlightAndAttractionLinks -->
  <testcase name="TC_0009_dateChanging" time="0.0" classname="com.tripmasters.framework.testScript.BookingPageTestScript">
    <ignored/>
  </testcase> <!-- TC_0009_dateChanging -->
  <testcase name="TC_0020_withoutAirBookingForMultipleCity" time="0.0" classname="com.tripmasters.framework.testScript.BookingPageTestScript">
    <ignored/>
  </testcase> <!-- TC_0020_withoutAirBookingForMultipleCity -->
  <testcase name="TC_0003_bookingTwoRoomTwoAdult" time="0.0" classname="com.tripmasters.framework.testScript.BookingPageTestScript">
    <ignored/>
  </testcase> <!-- TC_0003_bookingTwoRoomTwoAdult -->
  <testcase name="TC_0017_validateTripSummarywithMultipleCitiesforAsianPacificPage" time="0.0" classname="com.tripmasters.framework.testScript.BookingPageTestScript">
    <ignored/>
  </testcase> <!-- TC_0017_validateTripSummarywithMultipleCitiesforAsianPacificPage -->
  <testcase name="TC_0006_bookingFlightsWithmultipleCitieswithHighLightsValidation" time="0.0" classname="com.tripmasters.framework.testScript.BookingPageTestScript">
    <ignored/>
  </testcase> <!-- TC_0006_bookingFlightsWithmultipleCitieswithHighLightsValidation -->
  <testcase name="TC_0014_verifySpotlightLink" time="0.0" classname="com.tripmasters.framework.testScript.BookingPageTestScript">
    <ignored/>
  </testcase> <!-- TC_0014_verifySpotlightLink -->
  <testcase name="TC_0015_verifyStartAgainLink" time="0.0" classname="com.tripmasters.framework.testScript.HomePageTestScript">
    <ignored/>
  </testcase> <!-- TC_0015_verifyStartAgainLink -->
</testsuite> <!-- Test -->
