<?xml version="1.0" encoding="UTF-8"?>
<!-- Generated by org.testng.reporters.JUnitXMLReporter -->
<testsuite hostname="Shubham_Verma" ignored="0" name="Test" tests="14" failures="13" timestamp="06 Mar 2020 12:12:56 GMT" time="596.785" errors="0">
  <testcase name="bookingSingleRoomWithThreeAdults_TC_1" time="119.161" classname="com.tripmasters.framework.testScript.BookingPageTestScript"/>
  <testcase name="bookingSingleRoomOneAdultOneChild_TC_2" time="17.367" classname="com.tripmasters.framework.testScript.BookingPageTestScript">
    <failure type="java.lang.NullPointerException">
      <![CDATA[java.lang.NullPointerException
at com.tripmasters.framework.reports.Logs.info(Logs.java:48)
at com.tripmasters.framework.testScript.BookingPageTestScript.bookingSingleRoomOneAdultOneChild_TC_2(BookingPageTestScript.java:114)
at java.util.concurrent.ThreadPoolExecutor.runWorker(ThreadPoolExecutor.java:1149)
at java.util.concurrent.ThreadPoolExecutor$Worker.run(ThreadPoolExecutor.java:624)
at java.lang.Thread.run(Thread.java:748)
... Removed 10 stack frames]]>
    </failure>
  </testcase> <!-- bookingSingleRoomOneAdultOneChild_TC_2 -->
  <testcase name="bookingTwoRoomTwoAdult_TC_3" time="14.218" classname="com.tripmasters.framework.testScript.BookingPageTestScript">
    <failure type="java.lang.NullPointerException">
      <![CDATA[java.lang.NullPointerException
at com.tripmasters.framework.reports.Logs.info(Logs.java:48)
at com.tripmasters.framework.testScript.BookingPageTestScript.bookingTwoRoomTwoAdult_TC_3(BookingPageTestScript.java:172)
at java.util.concurrent.ThreadPoolExecutor.runWorker(ThreadPoolExecutor.java:1149)
at java.util.concurrent.ThreadPoolExecutor$Worker.run(ThreadPoolExecutor.java:624)
at java.lang.Thread.run(Thread.java:748)
... Removed 10 stack frames]]>
    </failure>
  </testcase> <!-- bookingTwoRoomTwoAdult_TC_3 -->
  <testcase name="bookingTwoRoomThreeAdultOneChild_TC_4" time="17.415" classname="com.tripmasters.framework.testScript.BookingPageTestScript">
    <failure type="java.lang.NullPointerException">
      <![CDATA[java.lang.NullPointerException
at com.tripmasters.framework.reports.Logs.info(Logs.java:48)
at com.tripmasters.framework.testScript.BookingPageTestScript.bookingTwoRoomThreeAdultOneChild_TC_4(BookingPageTestScript.java:244)
at java.util.concurrent.ThreadPoolExecutor.runWorker(ThreadPoolExecutor.java:1149)
at java.util.concurrent.ThreadPoolExecutor$Worker.run(ThreadPoolExecutor.java:624)
at java.lang.Thread.run(Thread.java:748)
... Removed 10 stack frames]]>
    </failure>
  </testcase> <!-- bookingTwoRoomThreeAdultOneChild_TC_4 -->
  <testcase name="bookingTwoRoomTwoAdultTwoChild_TC_5" time="14.491" classname="com.tripmasters.framework.testScript.BookingPageTestScript">
    <failure type="java.lang.NullPointerException">
      <![CDATA[java.lang.NullPointerException
at com.tripmasters.framework.reports.Logs.info(Logs.java:48)
at com.tripmasters.framework.testScript.BookingPageTestScript.bookingTwoRoomTwoAdultTwoChild_TC_5(BookingPageTestScript.java:324)
at java.util.concurrent.ThreadPoolExecutor.runWorker(ThreadPoolExecutor.java:1149)
at java.util.concurrent.ThreadPoolExecutor$Worker.run(ThreadPoolExecutor.java:624)
at java.lang.Thread.run(Thread.java:748)
... Removed 10 stack frames]]>
    </failure>
  </testcase> <!-- bookingTwoRoomTwoAdultTwoChild_TC_5 -->
  <testcase name="bookingFlightsWithmultipleCities_TC_6" time="14.645" classname="com.tripmasters.framework.testScript.BookingPageTestScript">
    <failure type="java.lang.NullPointerException">
      <![CDATA[java.lang.NullPointerException
at com.tripmasters.framework.reports.Logs.info(Logs.java:48)
at com.tripmasters.framework.pageActions.BookingPageAction.fillSecndAddedCityDetails(BookingPageAction.java:583)
at com.tripmasters.framework.testScript.BookingPageTestScript.bookingFlightsWithmultipleCities_TC_6(BookingPageTestScript.java:388)
at java.util.concurrent.ThreadPoolExecutor.runWorker(ThreadPoolExecutor.java:1149)
at java.util.concurrent.ThreadPoolExecutor$Worker.run(ThreadPoolExecutor.java:624)
at java.lang.Thread.run(Thread.java:748)
... Removed 10 stack frames]]>
    </failure>
  </testcase> <!-- bookingFlightsWithmultipleCities_TC_6 -->
  <testcase name="bookingFlightAndHotelForSingleCity_TC_7" time="14.225" classname="com.tripmasters.framework.testScript.BookingPageTestScript">
    <failure type="java.lang.NullPointerException">
      <![CDATA[java.lang.NullPointerException
at com.tripmasters.framework.reports.Logs.info(Logs.java:48)
at com.tripmasters.framework.testScript.BookingPageTestScript.bookingFlightAndHotelForSingleCity_TC_7(BookingPageTestScript.java:451)
at java.util.concurrent.ThreadPoolExecutor.runWorker(ThreadPoolExecutor.java:1149)
at java.util.concurrent.ThreadPoolExecutor$Worker.run(ThreadPoolExecutor.java:624)
at java.lang.Thread.run(Thread.java:748)
... Removed 10 stack frames]]>
    </failure>
  </testcase> <!-- bookingFlightAndHotelForSingleCity_TC_7 -->
  <testcase name="bookingFlightAndHotelForMultipleCity_TC_8" time="15.814" classname="com.tripmasters.framework.testScript.BookingPageTestScript">
    <failure type="java.lang.NullPointerException">
      <![CDATA[java.lang.NullPointerException
at com.tripmasters.framework.reports.Logs.info(Logs.java:48)
at com.tripmasters.framework.pageActions.BookingPageAction.fillSecndAddedCityDetails(BookingPageAction.java:583)
at com.tripmasters.framework.testScript.BookingPageTestScript.bookingFlightAndHotelForMultipleCity_TC_8(BookingPageTestScript.java:494)
at java.util.concurrent.ThreadPoolExecutor.runWorker(ThreadPoolExecutor.java:1149)
at java.util.concurrent.ThreadPoolExecutor$Worker.run(ThreadPoolExecutor.java:624)
at java.lang.Thread.run(Thread.java:748)
... Removed 10 stack frames]]>
    </failure>
  </testcase> <!-- bookingFlightAndHotelForMultipleCity_TC_8 -->
  <testcase name="withoutAirBookingForSingleCity_TC_19" time="5.025" classname="com.tripmasters.framework.testScript.BookingPageTestScript">
    <failure type="java.lang.NullPointerException">
      <![CDATA[java.lang.NullPointerException
at com.tripmasters.framework.reports.Logs.info(Logs.java:48)
at com.tripmasters.framework.testScript.BookingPageTestScript.withoutAirBookingForSingleCity_TC_19(BookingPageTestScript.java:539)
at java.util.concurrent.ThreadPoolExecutor.runWorker(ThreadPoolExecutor.java:1149)
at java.util.concurrent.ThreadPoolExecutor$Worker.run(ThreadPoolExecutor.java:624)
at java.lang.Thread.run(Thread.java:748)
... Removed 10 stack frames]]>
    </failure>
  </testcase> <!-- withoutAirBookingForSingleCity_TC_19 -->
  <testcase name="getWithoutAir_TC_20" time="5.028" classname="com.tripmasters.framework.testScript.BookingPageTestScript">
    <failure type="java.lang.NullPointerException">
      <![CDATA[java.lang.NullPointerException
at com.tripmasters.framework.reports.Logs.info(Logs.java:48)
at com.tripmasters.framework.testScript.BookingPageTestScript.getWithoutAir_TC_20(BookingPageTestScript.java:565)
at java.util.concurrent.ThreadPoolExecutor.runWorker(ThreadPoolExecutor.java:1149)
at java.util.concurrent.ThreadPoolExecutor$Worker.run(ThreadPoolExecutor.java:624)
at java.lang.Thread.run(Thread.java:748)
... Removed 10 stack frames]]>
    </failure>
  </testcase> <!-- getWithoutAir_TC_20 -->
  <testcase name="removeAddedCity_TC_17" time="15.885" classname="com.tripmasters.framework.testScript.BookingPageTestScript">
    <failure type="java.lang.NullPointerException">
      <![CDATA[java.lang.NullPointerException
at com.tripmasters.framework.reports.Logs.info(Logs.java:48)
at com.tripmasters.framework.pageActions.BookingPageAction.fillSecndAddedCityDetails(BookingPageAction.java:583)
at com.tripmasters.framework.testScript.BookingPageTestScript.removeAddedCity_TC_17(BookingPageTestScript.java:597)
at java.util.concurrent.ThreadPoolExecutor.runWorker(ThreadPoolExecutor.java:1149)
at java.util.concurrent.ThreadPoolExecutor$Worker.run(ThreadPoolExecutor.java:624)
at java.lang.Thread.run(Thread.java:748)
... Removed 10 stack frames]]>
    </failure>
  </testcase> <!-- removeAddedCity_TC_17 -->
  <testcase name="bookingDetailswithPremiumEcomomy_TC_18" time="16.008" classname="com.tripmasters.framework.testScript.BookingPageTestScript">
    <failure type="java.lang.NullPointerException">
      <![CDATA[java.lang.NullPointerException
at com.tripmasters.framework.testScript.BookingPageTestScript.bookingDetailswithPremiumEcomomy_TC_18(BookingPageTestScript.java:710)
at java.util.concurrent.ThreadPoolExecutor.runWorker(ThreadPoolExecutor.java:1149)
at java.util.concurrent.ThreadPoolExecutor$Worker.run(ThreadPoolExecutor.java:624)
at java.lang.Thread.run(Thread.java:748)
... Removed 10 stack frames]]>
    </failure>
  </testcase> <!-- bookingDetailswithPremiumEcomomy_TC_18 -->
  <testcase name="verifySpotlightLink_TC_14" time="20.057" classname="com.tripmasters.framework.testScript.BookingPageTestScript">
    <failure type="java.lang.NullPointerException">
      <![CDATA[java.lang.NullPointerException
at com.tripmasters.framework.reports.Logs.info(Logs.java:48)
at com.tripmasters.framework.testScript.BookingPageTestScript.verifySpotlightLink_TC_14(BookingPageTestScript.java:637)
at java.util.concurrent.ThreadPoolExecutor.runWorker(ThreadPoolExecutor.java:1149)
at java.util.concurrent.ThreadPoolExecutor$Worker.run(ThreadPoolExecutor.java:624)
at java.lang.Thread.run(Thread.java:748)
... Removed 10 stack frames]]>
    </failure>
  </testcase> <!-- verifySpotlightLink_TC_14 -->
  <testcase name="dateChanging_TC_9" time="13.792" classname="com.tripmasters.framework.testScript.BookingPageTestScript">
    <failure type="java.lang.NullPointerException">
      <![CDATA[java.lang.NullPointerException
at com.tripmasters.framework.reports.Logs.info(Logs.java:48)
at com.tripmasters.framework.testScript.BookingPageTestScript.dateChanging_TC_9(BookingPageTestScript.java:663)
at java.util.concurrent.ThreadPoolExecutor.runWorker(ThreadPoolExecutor.java:1149)
at java.util.concurrent.ThreadPoolExecutor$Worker.run(ThreadPoolExecutor.java:624)
at java.lang.Thread.run(Thread.java:748)
... Removed 10 stack frames]]>
    </failure>
  </testcase> <!-- dateChanging_TC_9 -->
</testsuite> <!-- Test -->
