-------------------------------------------------------------------------------
Test set: TestSuite
-------------------------------------------------------------------------------
Tests run: 7, Failures: 4, Errors: 0, Skipped: 0, Time elapsed: 1,019.465 s <<< FAILURE! - in TestSuite
com.tripmasters.framework.testScript.BookingPageTestScript.bookingSingleRoomOneAdultOneChild_TC_2  Time elapsed: 124.134 s  <<< FAILURE!
junit.framework.AssertionFailedError: expected:<[Morris Mano, Male, 01/01/1992]> but was:<[]>
	at com.tripmasters.framework.testScript.BookingPageTestScript.bookingSingleRoomOneAdultOneChild_TC_2(BookingPageTestScript.java:154)

com.tripmasters.framework.testScript.BookingPageTestScript.bookingFlightAndHotelForMultipleCity_TC_8  Time elapsed: 81.787 s  <<< FAILURE!
java.lang.AssertionError: expected [] but found [Park Plaza Wallstreet Mitte Hotel]
	at com.tripmasters.framework.testScript.BookingPageTestScript.bookingFlightAndHotelForMultipleCity_TC_8(BookingPageTestScript.java:543)

com.tripmasters.framework.testScript.BookingPageTestScript.getWithoutAir_TC_20  Time elapsed: 62.425 s  <<< FAILURE!
java.lang.AssertionError: expected [] but found [Ambassador, New Delhi-IHCL SeleQtions]
	at com.tripmasters.framework.testScript.BookingPageTestScript.getWithoutAir_TC_20(BookingPageTestScript.java:676)

com.tripmasters.framework.testScript.BookingPageTestScript.removeAddedCity_TC_17  Time elapsed: 115.563 s  <<< FAILURE!
java.lang.AssertionError: expected [true] but found [false]
	at com.tripmasters.framework.testScript.BookingPageTestScript.removeAddedCity_TC_17(BookingPageTestScript.java:757)

