<?xml version="1.0" encoding="UTF-8"?>
<testsuite xmlns:xsi="http://www.w3.org/2001/XMLSchema-instance" xsi:noNamespaceSchemaLocation="https://maven.apache.org/surefire/maven-surefire-plugin/xsd/surefire-test-report-3.0.xsd" version="3.0" name="TestSuite" time="597.918" tests="14" errors="0" skipped="0" failures="13">
  <properties>
[...]
</properties>
  <testcase name="bookingSingleRoomWithThreeAdults_TC_1" classname="com.tripmasters.framework.testScript.BookingPageTestScript" time="119.163"/>
  <testcase name="bookingSingleRoomOneAdultOneChild_TC_2" classname="com.tripmasters.framework.testScript.BookingPageTestScript" time="17.991">
    <failure type="java.lang.NullPointerException"><![CDATA[java.lang.NullPointerException
	at com.tripmasters.framework.testScript.BookingPageTestScript.bookingSingleRoomOneAdultOneChild_TC_2(BookingPageTestScript.java:114)
]]></failure>
    <system-out><![CDATA[json data: Windows
json data: Chrome
json data: https://www.tripmasters.com
nano time is: -272623284
I am in onTestStart method bookingSingleRoomOneAdultOneChild_TC_2 start
Fri Mar 06 17:35:45 IST 2020
I am in onTestFailure method bookingSingleRoomOneAdultOneChild_TC_2 failed
]]></system-out>
    <system-err><![CDATA[Starting ChromeDriver 2.42.591088 (7b2b2dca23cca0862f674758c9a3933e685c27d5) on port 10839
Only local connections are allowed.
[1583496322.556][WARNING]: Timed out connecting to Chrome, retrying...
Mar 06, 2020 5:35:24 PM org.openqa.selenium.remote.ProtocolHandshake createSession
INFO: Detected dialect: OSS
[1583496326.603][WARNING]: Timed out connecting to Chrome, retrying...
]]></system-err>
  </testcase>
  <testcase name="bookingTwoRoomTwoAdult_TC_3" classname="com.tripmasters.framework.testScript.BookingPageTestScript" time="14.869">
    <failure type="java.lang.NullPointerException"><![CDATA[java.lang.NullPointerException
	at com.tripmasters.framework.testScript.BookingPageTestScript.bookingTwoRoomTwoAdult_TC_3(BookingPageTestScript.java:172)
]]></failure>
    <system-out><![CDATA[json data: Windows
json data: Chrome
json data: https://www.tripmasters.com
nano time is: -821755048
I am in onTestStart method bookingTwoRoomTwoAdult_TC_3 start
Fri Mar 06 17:36:20 IST 2020
I am in onTestFailure method bookingTwoRoomTwoAdult_TC_3 failed
]]></system-out>
    <system-err><![CDATA[Starting ChromeDriver 2.42.591088 (7b2b2dca23cca0862f674758c9a3933e685c27d5) on port 32910
Only local connections are allowed.
[1583496361.495][WARNING]: Timed out connecting to Chrome, retrying...
Mar 06, 2020 5:36:03 PM org.openqa.selenium.remote.ProtocolHandshake createSession
INFO: Detected dialect: OSS
[1583496365.537][WARNING]: Timed out connecting to Chrome, retrying...
]]></system-err>
  </testcase>
  <testcase name="bookingTwoRoomThreeAdultOneChild_TC_4" classname="com.tripmasters.framework.testScript.BookingPageTestScript" time="18.012">
    <failure type="java.lang.NullPointerException"><![CDATA[java.lang.NullPointerException
	at com.tripmasters.framework.testScript.BookingPageTestScript.bookingTwoRoomThreeAdultOneChild_TC_4(BookingPageTestScript.java:244)
]]></failure>
    <system-out><![CDATA[json data: Windows
json data: Chrome
json data: https://www.tripmasters.com
nano time is: 1837029084
I am in onTestStart method bookingTwoRoomThreeAdultOneChild_TC_4 start
Fri Mar 06 17:37:00 IST 2020
I am in onTestFailure method bookingTwoRoomThreeAdultOneChild_TC_4 failed
]]></system-out>
    <system-err><![CDATA[Starting ChromeDriver 2.42.591088 (7b2b2dca23cca0862f674758c9a3933e685c27d5) on port 20562
Only local connections are allowed.
[1583496396.499][WARNING]: Timed out connecting to Chrome, retrying...
Mar 06, 2020 5:36:38 PM org.openqa.selenium.remote.ProtocolHandshake createSession
INFO: Detected dialect: OSS
[1583496400.537][WARNING]: Timed out connecting to Chrome, retrying...
]]></system-err>
  </testcase>
  <testcase name="bookingTwoRoomTwoAdultTwoChild_TC_5" classname="com.tripmasters.framework.testScript.BookingPageTestScript" time="15.133">
    <failure type="java.lang.NullPointerException"><![CDATA[java.lang.NullPointerException
	at com.tripmasters.framework.testScript.BookingPageTestScript.bookingTwoRoomTwoAdultTwoChild_TC_5(BookingPageTestScript.java:324)
]]></failure>
    <system-out><![CDATA[json data: Windows
json data: Chrome
json data: https://www.tripmasters.com
nano time is: 190683120
I am in onTestStart method bookingTwoRoomTwoAdultTwoChild_TC_5 start
Fri Mar 06 17:37:34 IST 2020
I am in onTestFailure method bookingTwoRoomTwoAdultTwoChild_TC_5 failed
]]></system-out>
    <system-err><![CDATA[Starting ChromeDriver 2.42.591088 (7b2b2dca23cca0862f674758c9a3933e685c27d5) on port 33260
Only local connections are allowed.
[1583496436.565][WARNING]: Timed out connecting to Chrome, retrying...
Mar 06, 2020 5:37:18 PM org.openqa.selenium.remote.ProtocolHandshake createSession
INFO: Detected dialect: OSS
[1583496440.600][WARNING]: Timed out connecting to Chrome, retrying...
]]></system-err>
  </testcase>
  <testcase name="bookingFlightsWithmultipleCities_TC_6" classname="com.tripmasters.framework.testScript.BookingPageTestScript" time="15.46">
    <failure type="java.lang.NullPointerException"><![CDATA[java.lang.NullPointerException
	at com.tripmasters.framework.testScript.BookingPageTestScript.bookingFlightsWithmultipleCities_TC_6(BookingPageTestScript.java:388)
]]></failure>
    <system-out><![CDATA[json data: Windows
json data: Chrome
json data: https://www.tripmasters.com
nano time is: 755651052
I am in onTestStart method bookingFlightsWithmultipleCities_TC_6 start
I am in onTestFailure method bookingFlightsWithmultipleCities_TC_6 failed
]]></system-out>
    <system-err><![CDATA[Starting ChromeDriver 2.42.591088 (7b2b2dca23cca0862f674758c9a3933e685c27d5) on port 10036
Only local connections are allowed.
[1583496470.725][WARNING]: Timed out connecting to Chrome, retrying...
Mar 06, 2020 5:37:52 PM org.openqa.selenium.remote.ProtocolHandshake createSession
INFO: Detected dialect: OSS
[1583496474.765][WARNING]: Timed out connecting to Chrome, retrying...
]]></system-err>
  </testcase>
  <testcase name="bookingFlightAndHotelForSingleCity_TC_7" classname="com.tripmasters.framework.testScript.BookingPageTestScript" time="14.838">
    <failure type="java.lang.NullPointerException"><![CDATA[java.lang.NullPointerException
	at com.tripmasters.framework.testScript.BookingPageTestScript.bookingFlightAndHotelForSingleCity_TC_7(BookingPageTestScript.java:451)
]]></failure>
    <system-out><![CDATA[json data: Windows
json data: Chrome
json data: https://www.tripmasters.com
nano time is: 1401957284
I am in onTestStart method bookingFlightAndHotelForSingleCity_TC_7 start
Fri Mar 06 17:38:44 IST 2020
I am in onTestFailure method bookingFlightAndHotelForSingleCity_TC_7 failed
]]></system-out>
    <system-err><![CDATA[Starting ChromeDriver 2.42.591088 (7b2b2dca23cca0862f674758c9a3933e685c27d5) on port 21465
Only local connections are allowed.
[1583496506.171][WARNING]: Timed out connecting to Chrome, retrying...
Mar 06, 2020 5:38:28 PM org.openqa.selenium.remote.ProtocolHandshake createSession
INFO: Detected dialect: OSS
[1583496510.211][WARNING]: Timed out connecting to Chrome, retrying...
]]></system-err>
  </testcase>
  <testcase name="bookingFlightAndHotelForMultipleCity_TC_8" classname="com.tripmasters.framework.testScript.BookingPageTestScript" time="16.644">
    <failure type="java.lang.NullPointerException"><![CDATA[java.lang.NullPointerException
	at com.tripmasters.framework.testScript.BookingPageTestScript.bookingFlightAndHotelForMultipleCity_TC_8(BookingPageTestScript.java:494)
]]></failure>
    <system-out><![CDATA[json data: Windows
json data: Chrome
json data: https://www.tripmasters.com
nano time is: 1581483416
I am in onTestStart method bookingFlightAndHotelForMultipleCity_TC_8 start
I am in onTestFailure method bookingFlightAndHotelForMultipleCity_TC_8 failed
]]></system-out>
    <system-err><![CDATA[Starting ChromeDriver 2.42.591088 (7b2b2dca23cca0862f674758c9a3933e685c27d5) on port 5887
Only local connections are allowed.
[1583496540.332][WARNING]: Timed out connecting to Chrome, retrying...
Mar 06, 2020 5:39:02 PM org.openqa.selenium.remote.ProtocolHandshake createSession
INFO: Detected dialect: OSS
[1583496544.358][WARNING]: Timed out connecting to Chrome, retrying...
]]></system-err>
  </testcase>
  <testcase name="withoutAirBookingForSingleCity_TC_19" classname="com.tripmasters.framework.testScript.BookingPageTestScript" time="5.757">
    <failure type="java.lang.NullPointerException"><![CDATA[java.lang.NullPointerException
	at com.tripmasters.framework.testScript.BookingPageTestScript.withoutAirBookingForSingleCity_TC_19(BookingPageTestScript.java:539)
]]></failure>
    <system-out><![CDATA[json data: Windows
json data: Chrome
json data: https://www.tripmasters.com
nano time is: -329823648
I am in onTestStart method withoutAirBookingForSingleCity_TC_19 start
I am in onTestFailure method withoutAirBookingForSingleCity_TC_19 failed
]]></system-out>
    <system-err><![CDATA[Starting ChromeDriver 2.42.591088 (7b2b2dca23cca0862f674758c9a3933e685c27d5) on port 6685
Only local connections are allowed.
[1583496576.879][WARNING]: Timed out connecting to Chrome, retrying...
Mar 06, 2020 5:39:38 PM org.openqa.selenium.remote.ProtocolHandshake createSession
INFO: Detected dialect: OSS
[1583496580.927][WARNING]: Timed out connecting to Chrome, retrying...
]]></system-err>
  </testcase>
  <testcase name="getWithoutAir_TC_20" classname="com.tripmasters.framework.testScript.BookingPageTestScript" time="5.764">
    <failure type="java.lang.NullPointerException"><![CDATA[java.lang.NullPointerException
	at com.tripmasters.framework.testScript.BookingPageTestScript.getWithoutAir_TC_20(BookingPageTestScript.java:565)
]]></failure>
    <system-out><![CDATA[json data: Windows
json data: Chrome
json data: https://www.tripmasters.com
nano time is: 1041656576
I am in onTestStart method getWithoutAir_TC_20 start
I am in onTestFailure method getWithoutAir_TC_20 failed
]]></system-out>
    <system-err><![CDATA[Starting ChromeDriver 2.42.591088 (7b2b2dca23cca0862f674758c9a3933e685c27d5) on port 42232
Only local connections are allowed.
[1583496602.951][WARNING]: Timed out connecting to Chrome, retrying...
Mar 06, 2020 5:40:04 PM org.openqa.selenium.remote.ProtocolHandshake createSession
INFO: Detected dialect: OSS
[1583496607.007][WARNING]: Timed out connecting to Chrome, retrying...
]]></system-err>
  </testcase>
  <testcase name="removeAddedCity_TC_17" classname="com.tripmasters.framework.testScript.BookingPageTestScript" time="16.667">
    <failure type="java.lang.NullPointerException"><![CDATA[java.lang.NullPointerException
	at com.tripmasters.framework.testScript.BookingPageTestScript.removeAddedCity_TC_17(BookingPageTestScript.java:597)
]]></failure>
    <system-out><![CDATA[json data: Windows
json data: Chrome
json data: https://www.tripmasters.com
nano time is: 1568071200
I am in onTestStart method removeAddedCity_TC_17 start
I am in onTestFailure method removeAddedCity_TC_17 failed
]]></system-out>
    <system-err><![CDATA[Starting ChromeDriver 2.42.591088 (7b2b2dca23cca0862f674758c9a3933e685c27d5) on port 5816
Only local connections are allowed.
[1583496629.643][WARNING]: Timed out connecting to Chrome, retrying...
Mar 06, 2020 5:40:31 PM org.openqa.selenium.remote.ProtocolHandshake createSession
INFO: Detected dialect: OSS
[1583496633.708][WARNING]: Timed out connecting to Chrome, retrying...
]]></system-err>
  </testcase>
  <testcase name="bookingDetailswithPremiumEcomomy_TC_18" classname="com.tripmasters.framework.testScript.BookingPageTestScript" time="16.632">
    <failure type="java.lang.NullPointerException"><![CDATA[java.lang.NullPointerException
	at com.tripmasters.framework.testScript.BookingPageTestScript.bookingDetailswithPremiumEcomomy_TC_18(BookingPageTestScript.java:710)
]]></failure>
    <system-out><![CDATA[json data: Windows
json data: Chrome
json data: https://www.tripmasters.com
nano time is: 799059336
I am in onTestStart method bookingDetailswithPremiumEcomomy_TC_18 start
I am in onTestFailure method bookingDetailswithPremiumEcomomy_TC_18 failed
]]></system-out>
    <system-err><![CDATA[Starting ChromeDriver 2.42.591088 (7b2b2dca23cca0862f674758c9a3933e685c27d5) on port 2996
Only local connections are allowed.
[1583496667.022][WARNING]: Timed out connecting to Chrome, retrying...
Mar 06, 2020 5:41:09 PM org.openqa.selenium.remote.ProtocolHandshake createSession
INFO: Detected dialect: OSS
[1583496671.077][WARNING]: Timed out connecting to Chrome, retrying...
]]></system-err>
  </testcase>
  <testcase name="verifySpotlightLink_TC_14" classname="com.tripmasters.framework.testScript.BookingPageTestScript" time="20.857">
    <failure type="java.lang.NullPointerException"><![CDATA[java.lang.NullPointerException
	at com.tripmasters.framework.testScript.BookingPageTestScript.verifySpotlightLink_TC_14(BookingPageTestScript.java:637)
]]></failure>
    <system-out><![CDATA[json data: Windows
json data: Chrome
json data: https://www.tripmasters.com
nano time is: -1861592328
I am in onTestStart method verifySpotlightLink_TC_14 start
Unable to click on element
I am in onTestFailure method verifySpotlightLink_TC_14 failed
]]></system-out>
    <system-err><![CDATA[Starting ChromeDriver 2.42.591088 (7b2b2dca23cca0862f674758c9a3933e685c27d5) on port 35857
Only local connections are allowed.
[1583496705.021][WARNING]: Timed out connecting to Chrome, retrying...
Mar 06, 2020 5:41:47 PM org.openqa.selenium.remote.ProtocolHandshake createSession
INFO: Detected dialect: OSS
[1583496709.067][WARNING]: Timed out connecting to Chrome, retrying...
]]></system-err>
  </testcase>
  <testcase name="dateChanging_TC_9" classname="com.tripmasters.framework.testScript.BookingPageTestScript" time="14.381">
    <failure type="java.lang.NullPointerException"><![CDATA[java.lang.NullPointerException
	at com.tripmasters.framework.testScript.BookingPageTestScript.dateChanging_TC_9(BookingPageTestScript.java:663)
]]></failure>
    <system-out><![CDATA[json data: Windows
json data: Chrome
json data: https://www.tripmasters.com
nano time is: 301150908
I am in onTestStart method dateChanging_TC_9 start
I am in onTestFailure method dateChanging_TC_9 failed
]]></system-out>
    <system-err><![CDATA[Starting ChromeDriver 2.42.591088 (7b2b2dca23cca0862f674758c9a3933e685c27d5) on port 35783
Only local connections are allowed.
[1583496745.191][WARNING]: Timed out connecting to Chrome, retrying...
Mar 06, 2020 5:42:27 PM org.openqa.selenium.remote.ProtocolHandshake createSession
INFO: Detected dialect: OSS
[1583496749.229][WARNING]: Timed out connecting to Chrome, retrying...
]]></system-err>
  </testcase>
</testsuite>