<?xml version="1.0" encoding="UTF-8"?>
<testsuite xmlns:xsi="http://www.w3.org/2001/XMLSchema-instance" xsi:noNamespaceSchemaLocation="https://maven.apache.org/surefire/maven-surefire-plugin/xsd/surefire-test-report-3.0.xsd" version="3.0" name="TestSuite" time="1,019.465" tests="7" errors="0" skipped="0" failures="4">
  <properties>
[...]
</properties>
  <testcase name="bookingSingleRoomOneAdultOneChild_TC_2" classname="com.tripmasters.framework.testScript.BookingPageTestScript" time="124.134">
    <failure message="expected:&lt;[Morris Mano, Male, 01/01/1992]&gt; but was:&lt;[]&gt;" type="junit.framework.AssertionFailedError"><![CDATA[junit.framework.AssertionFailedError: expected:<[Morris Mano, Male, 01/01/1992]> but was:<[]>
	at com.tripmasters.framework.testScript.BookingPageTestScript.bookingSingleRoomOneAdultOneChild_TC_2(BookingPageTestScript.java:154)
]]></failure>
    <system-out><![CDATA[I am in onStart method Test
json data: Windows
json data: Chrome
json data: https://www.tripmasters.com
nano time is: -1370172628
I am in onTestStart method bookingSingleRoomOneAdultOneChild_TC_2 start
Tue Mar 17 17:32:43 IST 2020
actual List:[]
I am in onTestFailure method bookingSingleRoomOneAdultOneChild_TC_2 failed
]]></system-out>
    <system-err><![CDATA[log4j:WARN No such property [maxBackUpIndex] in org.apache.log4j.RollingFileAppender.
log4j:WARN No such property [maxFileSize] in org.apache.log4j.FileAppender.
log4j:WARN No such property [maxBackUpIndex] in org.apache.log4j.FileAppender.
log4j:ERROR Could not read configuration file [D:\Shubham Backup\TRIP/src/main/resources/log4j.properties].
java.io.FileNotFoundException: D:\Shubham Backup\TRIP\src\main\resources\log4j.properties (The system cannot find the path specified)
	at java.io.FileInputStream.open0(Native Method)
	at java.io.FileInputStream.open(FileInputStream.java:195)
	at java.io.FileInputStream.<init>(FileInputStream.java:138)
	at java.io.FileInputStream.<init>(FileInputStream.java:93)
	at org.apache.log4j.PropertyConfigurator.doConfigure(PropertyConfigurator.java:372)
	at org.apache.log4j.PropertyConfigurator.configure(PropertyConfigurator.java:403)
	at com.tripmasters.framework.reports.Logs.<init>(Logs.java:12)
	at com.tripmasters.framework.testScript.BookingPageTestScript.<clinit>(BookingPageTestScript.java:22)
	at sun.reflect.NativeConstructorAccessorImpl.newInstance0(Native Method)
	at sun.reflect.NativeConstructorAccessorImpl.newInstance(NativeConstructorAccessorImpl.java:62)
	at sun.reflect.DelegatingConstructorAccessorImpl.newInstance(DelegatingConstructorAccessorImpl.java:45)
	at java.lang.reflect.Constructor.newInstance(Constructor.java:423)
	at org.testng.internal.ObjectFactoryImpl.newInstance(ObjectFactoryImpl.java:24)
	at org.testng.internal.ClassHelper.createInstance1(ClassHelper.java:423)
	at org.testng.internal.ClassHelper.createInstance(ClassHelper.java:336)
	at org.testng.internal.ClassImpl.getDefaultInstance(ClassImpl.java:125)
	at org.testng.internal.ClassImpl.getInstances(ClassImpl.java:190)
	at org.testng.TestClass.getInstances(TestClass.java:95)
	at org.testng.TestClass.initTestClassesAndInstances(TestClass.java:81)
	at org.testng.TestClass.init(TestClass.java:73)
	at org.testng.TestClass.<init>(TestClass.java:38)
	at org.testng.TestRunner.initMethods(TestRunner.java:389)
	at org.testng.TestRunner.init(TestRunner.java:271)
	at org.testng.TestRunner.init(TestRunner.java:241)
	at org.testng.TestRunner.<init>(TestRunner.java:167)
	at org.testng.SuiteRunner$DefaultTestRunnerFactory.newTestRunner(SuiteRunner.java:663)
	at org.testng.SuiteRunner.init(SuiteRunner.java:260)
	at org.testng.SuiteRunner.<init>(SuiteRunner.java:198)
	at org.testng.TestNG.createSuiteRunner(TestNG.java:1295)
	at org.testng.TestNG.createSuiteRunners(TestNG.java:1273)
	at org.testng.TestNG.runSuitesLocally(TestNG.java:1128)
	at org.testng.TestNG.runSuites(TestNG.java:1049)
	at org.testng.TestNG.run(TestNG.java:1017)
	at org.apache.maven.surefire.testng.TestNGExecutor.run(TestNGExecutor.java:283)
	at org.apache.maven.surefire.testng.TestNGXmlTestSuite.execute(TestNGXmlTestSuite.java:75)
	at org.apache.maven.surefire.testng.TestNGProvider.invoke(TestNGProvider.java:120)
	at org.apache.maven.surefire.booter.ForkedBooter.runSuitesInProcess(ForkedBooter.java:377)
	at org.apache.maven.surefire.booter.ForkedBooter.execute(ForkedBooter.java:138)
	at org.apache.maven.surefire.booter.ForkedBooter.run(ForkedBooter.java:465)
	at org.apache.maven.surefire.booter.ForkedBooter.main(ForkedBooter.java:451)
log4j:ERROR Ignoring configuration file [D:\Shubham Backup\TRIP/src/main/resources/log4j.properties].
Starting ChromeDriver 2.42.591088 (7b2b2dca23cca0862f674758c9a3933e685c27d5) on port 29735
Only local connections are allowed.
[1584446540.037][WARNING]: Timed out connecting to Chrome, retrying...
Mar 17, 2020 5:32:22 PM org.openqa.selenium.remote.ProtocolHandshake createSession
INFO: Detected dialect: OSS
[1584446544.108][WARNING]: Timed out connecting to Chrome, retrying...
]]></system-err>
  </testcase>
  <testcase name="bookingTwoRoomThreeAdultOneChild_TC_4" classname="com.tripmasters.framework.testScript.BookingPageTestScript" time="157.681"/>
  <testcase name="bookingTwoRoomTwoAdultTwoChild_TC_5" classname="com.tripmasters.framework.testScript.BookingPageTestScript" time="147.837"/>
  <testcase name="bookingFlightAndHotelForSingleCity_TC_7" classname="com.tripmasters.framework.testScript.BookingPageTestScript" time="117.414"/>
  <testcase name="bookingFlightAndHotelForMultipleCity_TC_8" classname="com.tripmasters.framework.testScript.BookingPageTestScript" time="81.787">
    <failure message="expected [] but found [Park Plaza Wallstreet Mitte Hotel]" type="java.lang.AssertionError"><![CDATA[java.lang.AssertionError: expected [] but found [Park Plaza Wallstreet Mitte Hotel]
	at com.tripmasters.framework.testScript.BookingPageTestScript.bookingFlightAndHotelForMultipleCity_TC_8(BookingPageTestScript.java:543)
]]></failure>
    <system-out><![CDATA[json data: Windows
json data: Chrome
json data: https://www.tripmasters.com
nano time is: 556237312
I am in onTestStart method bookingFlightAndHotelForMultipleCity_TC_8 start
 INFO [TestNG-test=Test-5] (Logs.java:48)- Booking details filled successfully for multiple cities
 INFO [TestNG-test=Test-5] (Logs.java:48)- Click on Continue Button
 INFO [TestNG-test=Test-5] (Logs.java:48)- Click on Browse Hotels Button
Unable to click on element
 INFO [TestNG-test=Test-5] (Logs.java:48)- Select particular hotel from Hotel Options
actual = Park Plaza Wallstreet Mitte HotelExpected = 
I am in onTestFailure method bookingFlightAndHotelForMultipleCity_TC_8 failed
]]></system-out>
    <system-err><![CDATA[Starting ChromeDriver 2.42.591088 (7b2b2dca23cca0862f674758c9a3933e685c27d5) on port 21904
Only local connections are allowed.
[1584447228.208][WARNING]: Timed out connecting to Chrome, retrying...
Mar 17, 2020 5:43:50 PM org.openqa.selenium.remote.ProtocolHandshake createSession
INFO: Detected dialect: OSS
[1584447232.260][WARNING]: Timed out connecting to Chrome, retrying...
]]></system-err>
  </testcase>
  <testcase name="getWithoutAir_TC_20" classname="com.tripmasters.framework.testScript.BookingPageTestScript" time="62.425">
    <failure message="expected [] but found [Ambassador, New Delhi-IHCL SeleQtions]" type="java.lang.AssertionError"><![CDATA[java.lang.AssertionError: expected [] but found [Ambassador, New Delhi-IHCL SeleQtions]
	at com.tripmasters.framework.testScript.BookingPageTestScript.getWithoutAir_TC_20(BookingPageTestScript.java:676)
]]></failure>
    <system-out><![CDATA[json data: Windows
json data: Chrome
json data: https://www.tripmasters.com
nano time is: 795294708
I am in onTestStart method getWithoutAir_TC_20 start
 INFO [TestNG-test=Test-5] (Logs.java:48)- Click on WithOut Air Button
ERROR [TestNG-test=Test-5] (Logs.java:60)- Unable to find the element on Page
 INFO [TestNG-test=Test-5] (Logs.java:48)- Filled all the basic details of journey along with source & destination
 INFO [TestNG-test=Test-5] (Logs.java:48)- Click on Browse Hotels Button
Unable to click on element
 INFO [TestNG-test=Test-5] (Logs.java:48)- Select particular hotel from Hotel Options
I am in onTestFailure method getWithoutAir_TC_20 failed
]]></system-out>
    <system-err><![CDATA[Starting ChromeDriver 2.42.591088 (7b2b2dca23cca0862f674758c9a3933e685c27d5) on port 29099
Only local connections are allowed.
[1584447332.873][WARNING]: Timed out connecting to Chrome, retrying...
Mar 17, 2020 5:45:34 PM org.openqa.selenium.remote.ProtocolHandshake createSession
INFO: Detected dialect: OSS
[1584447336.938][WARNING]: Timed out connecting to Chrome, retrying...
]]></system-err>
  </testcase>
  <testcase name="removeAddedCity_TC_17" classname="com.tripmasters.framework.testScript.BookingPageTestScript" time="115.563">
    <failure message="expected [true] but found [false]" type="java.lang.AssertionError"><![CDATA[java.lang.AssertionError: expected [true] but found [false]
	at com.tripmasters.framework.testScript.BookingPageTestScript.removeAddedCity_TC_17(BookingPageTestScript.java:757)
]]></failure>
    <system-out><![CDATA[json data: Windows
json data: Chrome
json data: https://www.tripmasters.com
nano time is: -1109625408
I am in onTestStart method removeAddedCity_TC_17 start
 INFO [TestNG-test=Test-5] (Logs.java:48)- Fill all the basic details for multiple cities
 INFO [TestNG-test=Test-5] (Logs.java:48)- Adding multiple cities in destinations
 INFO [TestNG-test=Test-5] (Logs.java:48)- Verify that multiple cities got selected as destinations
 INFO [TestNG-test=Test-5] (Logs.java:48)- Verify that RemoveCity Link is also displayed for added cities
Unable to click on element
 INFO [TestNG-test=Test-5] (Logs.java:48)- Delete all the added cities
 INFO [TestNG-test=Test-5] (Logs.java:48)- All the added cities removed successfully.Verified!
 INFO [TestNG-test=Test-5] (Logs.java:48)- Select Cheaper flights from flight options
I am in onTestFailure method removeAddedCity_TC_17 failed
]]></system-out>
    <system-err><![CDATA[Starting ChromeDriver 2.42.591088 (7b2b2dca23cca0862f674758c9a3933e685c27d5) on port 37537
Only local connections are allowed.
[1584447416.674][WARNING]: Timed out connecting to Chrome, retrying...
Mar 17, 2020 5:46:58 PM org.openqa.selenium.remote.ProtocolHandshake createSession
INFO: Detected dialect: OSS
[1584447420.710][WARNING]: Timed out connecting to Chrome, retrying...
]]></system-err>
  </testcase>
</testsuite>