<?xml version="1.0" encoding="UTF-8"?>
<testng-results skipped="0" failed="0" total="1" passed="1">
  <reporter-output>
  </reporter-output>
  <suite name="Suite" duration-ms="28955" started-at="2020-01-22T11:21:04Z" finished-at="2020-01-22T11:21:32Z">
    <groups>
    </groups>
    <test name="Test" duration-ms="28955" started-at="2020-01-22T11:21:04Z" finished-at="2020-01-22T11:21:32Z">
      <class name="com.tripmasters.framework.testScript.BookingPageTest">
        <test-method status="PASS" signature="setUp(java.lang.String)[pri:0, instance:com.tripmasters.framework.testScript.BookingPageTest@45c8e616]" name="setUp" is-config="true" duration-ms="28923" started-at="2020-01-22T16:51:04Z" finished-at="2020-01-22T16:51:32Z">
          <params>
            <param index="0">
              <value>
                <![CDATA[Chrome]]>
              </value>
            </param>
          </params>
          <reporter-output>
          </reporter-output>
        </test-method> <!-- setUp -->
        <test-method status="PASS" signature="getTitle()[pri:0, instance:com.tripmasters.framework.testScript.BookingPageTest@45c8e616]" name="getTitle" duration-ms="18" started-at="2020-01-22T16:51:32Z" finished-at="2020-01-22T16:51:32Z">
          <reporter-output>
          </reporter-output>
        </test-method> <!-- getTitle -->
      </class> <!-- com.tripmasters.framework.testScript.BookingPageTest -->
    </test> <!-- Test -->
  </suite> <!-- Suite -->
</testng-results>
